<m l="info" d="07/12/2020 10:58:28">Curent time: 07/12/2020 10:58:28</m>
<m l="info" d="07/12/2020 10:58:28">Save name: test1</m>
<m l="info" d="07/12/2020 10:58:28">Save state: ACTIF</m>
<m l="info" d="07/12/2020 10:58:28">	-Number of file: 377579</m>
<m l="info" d="07/12/2020 10:58:28">	-Total size: 89167732086 Bytes</m>
<m l="info" d="07/12/2020 10:58:28">	-Progress: 1%</m>
<m l="info" d="07/12/2020 10:58:28">	-Number of file Remaining: 376570</m>
<m l="info" d="07/12/2020 10:58:28">	-Size of file Remaining: 89167732086 Bytes</m>
<m l="info" d="07/12/2020 10:58:28">	-Fully source folder path: E:\Qt</m>
<m l="info" d="07/12/2020 10:58:28">	-Fully destination folder path: E:\Copy_Qt\FUL-07-12-2020-10-58-18</m>
<m l="info" d="07/12/2020 10:58:29">	-Size of file Remaining: 89167732086 Bytes</m>
<m l="info" d="07/12/2020 10:58:29">	-Fully source folder path: E:\Qt</m>
<m l="info" d="07/12/2020 10:58:29">	-Fully destination folder path: E:\Copy_Qt\FUL-07-12-2020-10-58-18</m>
<m l="info" d="07/12/2020 11:01:51">Curent time: 07/12/2020 11:01:51</m>
<m l="info" d="07/12/2020 11:01:51">Save name: test3</m>
<m l="info" d="07/12/2020 11:01:51">Save state: ACTIF</m>
<m l="info" d="07/12/2020 11:01:51">	-Number of file: 1608</m>
<m l="info" d="07/12/2020 11:01:51">	-Total size: 1920592610 Bytes</m>
<m l="info" d="07/12/2020 11:01:51">Curent time: 07/12/2020 11:01:51</m>
<m l="info" d="07/12/2020 11:01:51">	-Progress: 66%</m>
<m l="info" d="07/12/2020 11:01:51">Save name: test3</m>
<m l="info" d="07/12/2020 11:01:51">Save state: ACTIF</m>
<m l="info" d="07/12/2020 11:01:51">	-Number of file Remaining: 547</m>
<m l="info" d="07/12/2020 11:01:51">	-Size of file Remaining: 1920592610 Bytes</m>
<m l="info" d="07/12/2020 11:01:51">	-Number of file: 1608</m>
<m l="info" d="07/12/2020 11:01:51">	-Fully source folder path: D:\Test</m>
<m l="info" d="07/12/2020 11:01:51">	-Fully destination folder path: D:\TestCopy\DIF-07-12-2020-11-00-24</m>
<m l="info" d="07/12/2020 11:01:51">	-Total size: 1920592610 Bytes</m>
<m l="info" d="07/12/2020 11:01:51">	-Progress: 66%</m>
<m l="info" d="07/12/2020 11:01:51">	-Number of file Remaining: 547</m>
<m l="info" d="07/12/2020 11:01:51">	-Size of file Remaining: 1920592610 Bytes</m>
<m l="info" d="07/12/2020 11:01:51">	-Fully source folder path: D:\Test</m>
<m l="info" d="07/12/2020 11:01:51">	-Fully destination folder path: D:\TestCopy\DIF-07-12-2020-11-00-24</m>
