<?xml version="1.0" encoding="utf-8"?>
<log>
  <msg level="info">Executing save 'test2' on 07/12/2020 03:41:12 with parameters :</msg>
  <msg level="info">	-From: D:\Test</msg>
  <msg level="info">	-To: D:\TestCopy</msg>
  <msg level="info">	-Type: FULL_SAVE</msg>
  <msg level="info">File name: file.txt</msg>
  <msg level="info">	-Source: D:\Test</msg>
  <msg level="info">	-Destination: D:\TestCopy\FUL-07-12-2020-03-41-12</msg>
  <msg level="info">	-Size: 15 Bytes</msg>
  <msg level="info">	-Execution time: 20952</msg>
  <msg level="info">File name: Nouveau document texte (2) - Copie.txt</msg>
  <msg level="info">	-Source: D:\Test</msg>
  <msg level="info">	-Destination: D:\TestCopy\FUL-07-12-2020-03-41-12</msg>
  <msg level="info">	-Size: 0 Bytes</msg>
  <msg level="info">	-Execution time: 1220821</msg>
  <msg level="info">File name: Nouveau document texte (2).txt</msg>
  <msg level="info">	-Source: D:\Test</msg>
  <msg level="info">	-Destination: D:\TestCopy\FUL-07-12-2020-03-41-12</msg>
  <msg level="info">	-Size: 0 Bytes</msg>
  <msg level="info">	-Execution time: 2435651</msg>
  <msg level="info">File name: Nouveau document texte (3) - Copie.txt</msg>
  <msg level="info">	-Source: D:\Test</msg>
  <msg level="info">	-Destination: D:\TestCopy\FUL-07-12-2020-03-41-12</msg>
  <msg level="info">	-Size: 0 Bytes</msg>
  <msg level="info">	-Execution time: 3706939</msg>
  <msg level="info">File name: Nouveau document texte (3).txt</msg>
  <msg level="info">	-Source: D:\Test</msg>
  <msg level="info">	-Destination: D:\TestCopy\FUL-07-12-2020-03-41-12</msg>
  <msg level="info">	-Size: 0 Bytes</msg>
  <msg level="info">	-Execution time: 4974088</msg>
  <msg level="info">File name: Nouveau document texte (4) - Copie.txt</msg>
  <msg level="info">	-Source: D:\Test</msg>
  <msg level="info">	-Destination: D:\TestCopy\FUL-07-12-2020-03-41-12</msg>
  <msg level="info">	-Size: 0 Bytes</msg>
  <msg level="info">	-Execution time: 6120960</msg>
  <msg level="info">File name: Nouveau document texte (4).txt</msg>
  <msg level="info">	-Source: D:\Test</msg>
  <msg level="info">	-Destination: D:\TestCopy\FUL-07-12-2020-03-41-12</msg>
  <msg level="info">	-Size: 0 Bytes</msg>
  <msg level="info">	-Execution time: 7341382</msg>
  <msg level="info">File name: Nouveau document texte - Copie.txt</msg>
  <msg level="info">	-Source: D:\Test</msg>
  <msg level="info">	-Destination: D:\TestCopy\FUL-07-12-2020-03-41-12</msg>
  <msg level="info">	-Size: 0 Bytes</msg>
  <msg level="info">	-Execution time: 8587377</msg>
  <msg level="info">File name: Nouveau document texte.txt</msg>
  <msg level="info">	-Source: D:\Test</msg>
  <msg level="info">	-Destination: D:\TestCopy\FUL-07-12-2020-03-41-12</msg>
  <msg level="info">	-Size: 0 Bytes</msg>
  <msg level="info">	-Execution time: 9769787</msg>
  <msg level="info">File name: Perso - Copie (10).rar</msg>
  <msg level="info">	-Source: D:\Test</msg>
  <msg level="info">	-Destination: D:\TestCopy\FUL-07-12-2020-03-41-12</msg>
  <msg level="info">	-Size: 2547523 Bytes</msg>
  <msg level="info">	-Execution time: 11533507</msg>
  <msg level="info">File name: Perso - Copie (2).rar</msg>
  <msg level="info">	-Source: D:\Test</msg>
  <msg level="info">	-Destination: D:\TestCopy\FUL-07-12-2020-03-41-12</msg>
  <msg level="info">	-Size: 2547523 Bytes</msg>
  <msg level="info">	-Execution time: 13137461</msg>
  <msg level="info">File name: Perso - Copie (3).rar</msg>
  <msg level="info">	-Source: D:\Test</msg>
  <msg level="info">	-Destination: D:\TestCopy\FUL-07-12-2020-03-41-12</msg>
  <msg level="info">	-Size: 2547523 Bytes</msg>
  <msg level="info">	-Execution time: 15118749</msg>
  <msg level="info">File name: Perso - Copie (4).rar</msg>
  <msg level="info">	-Source: D:\Test</msg>
  <msg level="info">	-Destination: D:\TestCopy\FUL-07-12-2020-03-41-12</msg>
  <msg level="info">	-Size: 2547523 Bytes</msg>
  <msg level="info">	-Execution time: 17210113</msg>
  <msg level="info">File name: Perso - Copie (5).rar</msg>
  <msg level="info">	-Source: D:\Test</msg>
  <msg level="info">	-Destination: D:\TestCopy\FUL-07-12-2020-03-41-12</msg>
  <msg level="info">	-Size: 2547523 Bytes</msg>
  <msg level="info">	-Execution time: 19142567</msg>
  <msg level="info">File name: Perso - Copie (6).rar</msg>
  <msg level="info">	-Source: D:\Test</msg>
  <msg level="info">	-Destination: D:\TestCopy\FUL-07-12-2020-03-41-12</msg>
  <msg level="info">	-Size: 2547523 Bytes</msg>
  <msg level="info">	-Execution time: 20953831</msg>
  <msg level="info">File name: Perso - Copie (7).rar</msg>
  <msg level="info">	-Source: D:\Test</msg>
  <msg level="info">	-Destination: D:\TestCopy\FUL-07-12-2020-03-41-12</msg>
  <msg level="info">	-Size: 2547523 Bytes</msg>
  <msg level="info">	-Execution time: 22997502</msg>
  <msg level="info">File name: Perso - Copie (8).rar</msg>
  <msg level="info">	-Source: D:\Test</msg>
  <msg level="info">	-Destination: D:\TestCopy\FUL-07-12-2020-03-41-12</msg>
  <msg level="info">	-Size: 2547523 Bytes</msg>
  <msg level="info">	-Execution time: 24531178</msg>
  <msg level="info">File name: Perso - Copie (9).rar</msg>
  <msg level="info">	-Source: D:\Test</msg>
  <msg level="info">	-Destination: D:\TestCopy\FUL-07-12-2020-03-41-12</msg>
  <msg level="info">	-Size: 2547523 Bytes</msg>
  <msg level="info">	-Execution time: 26140893</msg>
  <msg level="info">File name: Perso - Copie.rar</msg>
  <msg level="info">	-Source: D:\Test</msg>
  <msg level="info">	-Destination: D:\TestCopy\FUL-07-12-2020-03-41-12</msg>
  <msg level="info">	-Size: 2547523 Bytes</msg>
  <msg level="info">	-Execution time: 27967315</msg>
  <msg level="info">File name: Perso.rar</msg>
  <msg level="info">	-Source: D:\Test</msg>
  <msg level="info">	-Destination: D:\TestCopy\FUL-07-12-2020-03-41-12</msg>
  <msg level="info">	-Size: 2547523 Bytes</msg>
  <msg level="info">	-Execution time: 29737847</msg>
  <msg level="info">File name: test.xml</msg>
  <msg level="info">	-Source: D:\Test</msg>
  <msg level="info">	-Destination: D:\TestCopy\FUL-07-12-2020-03-41-12</msg>
  <msg level="info">	-Size: 265 Bytes</msg>
  <msg level="info">	-Execution time: 31026074</msg>
  <msg level="info">File name: Nouveau document texte.txt</msg>
  <msg level="info">	-Source: D:\Test\test</msg>
  <msg level="info">	-Destination: D:\TestCopy\FUL-07-12-2020-03-41-12\test</msg>
  <msg level="info">	-Size: 0 Bytes</msg>
  <msg level="info">	-Execution time: 177125</msg>
  <msg level="info">File name: teslog.txt</msg>
  <msg level="info">	-Source: D:\Test\test\Nouveau dossier</msg>
  <msg level="info">	-Destination: D:\TestCopy\FUL-07-12-2020-03-41-12\test\Nouveau dossier</msg>
  <msg level="info">	-Size: 0 Bytes</msg>
  <msg level="info">	-Execution time: 8582</msg>
  <msg level="info">File name: test.txt</msg>
  <msg level="info">	-Source: D:\Test\test\Nouveau dossier (2)\tes</msg>
  <msg level="info">	-Destination: D:\TestCopy\FUL-07-12-2020-03-41-12\test\Nouveau dossier (2)\tes</msg>
  <msg level="info">	-Size: 4 Bytes</msg>
  <msg level="info">	-Execution time: 10947</msg>
  <msg level="info">Executing save 'test2' on 07/12/2020 03:44:53 with parameters :</msg>
  <msg level="info">	-From: D:\Test</msg>
  <msg level="info">	-To: D:\TestCopy</msg>
  <msg level="info">	-Type: FULL_SAVE</msg>
  <msg level="info">File name: file.txt</msg>
  <msg level="info">	-Source: D:\Test</msg>
  <msg level="info">	-Destination: D:\TestCopy\FUL-07-12-2020-03-44-53</msg>
  <msg level="info">	-Size: 15 Bytes</msg>
  <msg level="info">	-Execution time: 20267</msg>
  <msg level="info">File name: Nouveau document texte (2) - Copie.txt</msg>
  <msg level="info">	-Source: D:\Test</msg>
  <msg level="info">	-Destination: D:\TestCopy\FUL-07-12-2020-03-44-53</msg>
  <msg level="info">	-Size: 0 Bytes</msg>
  <msg level="info">	-Execution time: 1239922</msg>
  <msg level="info">File name: Nouveau document texte (2).txt</msg>
  <msg level="info">	-Source: D:\Test</msg>
  <msg level="info">	-Destination: D:\TestCopy\FUL-07-12-2020-03-44-53</msg>
  <msg level="info">	-Size: 0 Bytes</msg>
  <msg level="info">	-Execution time: 2538415</msg>
  <msg level="info">File name: Nouveau document texte (3) - Copie.txt</msg>
  <msg level="info">	-Source: D:\Test</msg>
  <msg level="info">	-Destination: D:\TestCopy\FUL-07-12-2020-03-44-53</msg>
  <msg level="info">	-Size: 0 Bytes</msg>
  <msg level="info">	-Execution time: 3814569</msg>
  <msg level="info">File name: Nouveau document texte (3).txt</msg>
  <msg level="info">	-Source: D:\Test</msg>
  <msg level="info">	-Destination: D:\TestCopy\FUL-07-12-2020-03-44-53</msg>
  <msg level="info">	-Size: 0 Bytes</msg>
  <msg level="info">	-Execution time: 5158396</msg>
  <msg level="info">File name: Nouveau document texte (4) - Copie.txt</msg>
  <msg level="info">	-Source: D:\Test</msg>
  <msg level="info">	-Destination: D:\TestCopy\FUL-07-12-2020-03-44-53</msg>
  <msg level="info">	-Size: 0 Bytes</msg>
  <msg level="info">	-Execution time: 6494035</msg>
  <msg level="info">File name: Nouveau document texte (4).txt</msg>
  <msg level="info">	-Source: D:\Test</msg>
  <msg level="info">	-Destination: D:\TestCopy\FUL-07-12-2020-03-44-53</msg>
  <msg level="info">	-Size: 0 Bytes</msg>
  <msg level="info">	-Execution time: 7710565</msg>
  <msg level="info">File name: Nouveau document texte - Copie.txt</msg>
  <msg level="info">	-Source: D:\Test</msg>
  <msg level="info">	-Destination: D:\TestCopy\FUL-07-12-2020-03-44-53</msg>
  <msg level="info">	-Size: 0 Bytes</msg>
  <msg level="info">	-Execution time: 8859853</msg>
  <msg level="info">File name: Nouveau document texte.txt</msg>
  <msg level="info">	-Source: D:\Test</msg>
  <msg level="info">	-Destination: D:\TestCopy\FUL-07-12-2020-03-44-53</msg>
  <msg level="info">	-Size: 0 Bytes</msg>
  <msg level="info">	-Execution time: 10053156</msg>
  <msg level="info">File name: Perso - Copie (10).rar</msg>
  <msg level="info">	-Source: D:\Test</msg>
  <msg level="info">	-Destination: D:\TestCopy\FUL-07-12-2020-03-44-53</msg>
  <msg level="info">	-Size: 2547523 Bytes</msg>
  <msg level="info">	-Execution time: 11902110</msg>
  <msg level="info">File name: Perso - Copie (2).rar</msg>
  <msg level="info">	-Source: D:\Test</msg>
  <msg level="info">	-Destination: D:\TestCopy\FUL-07-12-2020-03-44-53</msg>
  <msg level="info">	-Size: 2547523 Bytes</msg>
  <msg level="info">	-Execution time: 13573754</msg>
  <msg level="info">File name: Perso - Copie (3).rar</msg>
  <msg level="info">	-Source: D:\Test</msg>
  <msg level="info">	-Destination: D:\TestCopy\FUL-07-12-2020-03-44-53</msg>
  <msg level="info">	-Size: 2547523 Bytes</msg>
  <msg level="info">	-Execution time: 15557745</msg>
  <msg level="info">File name: Perso - Copie (4).rar</msg>
  <msg level="info">	-Source: D:\Test</msg>
  <msg level="info">	-Destination: D:\TestCopy\FUL-07-12-2020-03-44-53</msg>
  <msg level="info">	-Size: 2547523 Bytes</msg>
  <msg level="info">	-Execution time: 18561589</msg>
  <msg level="info">File name: Perso - Copie (5).rar</msg>
  <msg level="info">	-Source: D:\Test</msg>
  <msg level="info">	-Destination: D:\TestCopy\FUL-07-12-2020-03-44-53</msg>
  <msg level="info">	-Size: 2547523 Bytes</msg>
  <msg level="info">	-Execution time: 20397891</msg>
  <msg level="info">File name: Perso - Copie (6).rar</msg>
  <msg level="info">	-Source: D:\Test</msg>
  <msg level="info">	-Destination: D:\TestCopy\FUL-07-12-2020-03-44-53</msg>
  <msg level="info">	-Size: 2547523 Bytes</msg>
  <msg level="info">	-Execution time: 22128646</msg>
  <msg level="info">File name: Perso - Copie (7).rar</msg>
  <msg level="info">	-Source: D:\Test</msg>
  <msg level="info">	-Destination: D:\TestCopy\FUL-07-12-2020-03-44-53</msg>
  <msg level="info">	-Size: 2547523 Bytes</msg>
  <msg level="info">	-Execution time: 24039492</msg>
  <msg level="info">File name: Perso - Copie (8).rar</msg>
  <msg level="info">	-Source: D:\Test</msg>
  <msg level="info">	-Destination: D:\TestCopy\FUL-07-12-2020-03-44-53</msg>
  <msg level="info">	-Size: 2547523 Bytes</msg>
  <msg level="info">	-Execution time: 25894204</msg>
  <msg level="info">File name: Perso - Copie (9).rar</msg>
  <msg level="info">	-Source: D:\Test</msg>
  <msg level="info">	-Destination: D:\TestCopy\FUL-07-12-2020-03-44-53</msg>
  <msg level="info">	-Size: 2547523 Bytes</msg>
  <msg level="info">	-Execution time: 27576235</msg>
  <msg level="info">File name: Perso - Copie.rar</msg>
  <msg level="info">	-Source: D:\Test</msg>
  <msg level="info">	-Destination: D:\TestCopy\FUL-07-12-2020-03-44-53</msg>
  <msg level="info">	-Size: 2547523 Bytes</msg>
  <msg level="info">	-Execution time: 29143450</msg>
  <msg level="info">File name: Perso.rar</msg>
  <msg level="info">	-Source: D:\Test</msg>
  <msg level="info">	-Destination: D:\TestCopy\FUL-07-12-2020-03-44-53</msg>
  <msg level="info">	-Size: 2547523 Bytes</msg>
  <msg level="info">	-Execution time: 31074943</msg>
  <msg level="info">File name: test.xml</msg>
  <msg level="info">	-Source: D:\Test</msg>
  <msg level="info">	-Destination: D:\TestCopy\FUL-07-12-2020-03-44-53</msg>
  <msg level="info">	-Size: 265 Bytes</msg>
  <msg level="info">	-Execution time: 32440890</msg>
  <msg level="info">File name: Nouveau document texte.txt</msg>
  <msg level="info">	-Source: D:\Test\test</msg>
  <msg level="info">	-Destination: D:\TestCopy\FUL-07-12-2020-03-44-53\test</msg>
  <msg level="info">	-Size: 0 Bytes</msg>
  <msg level="info">	-Execution time: 7920</msg>
  <msg level="info">File name: teslog.txt</msg>
  <msg level="info">	-Source: D:\Test\test\Nouveau dossier</msg>
  <msg level="info">	-Destination: D:\TestCopy\FUL-07-12-2020-03-44-53\test\Nouveau dossier</msg>
  <msg level="info">	-Size: 0 Bytes</msg>
  <msg level="info">	-Execution time: 4367</msg>
  <msg level="info">File name: test.txt</msg>
  <msg level="info">	-Source: D:\Test\test\Nouveau dossier (2)\tes</msg>
  <msg level="info">	-Destination: D:\TestCopy\FUL-07-12-2020-03-44-53\test\Nouveau dossier (2)\tes</msg>
  <msg level="info">	-Size: 4 Bytes</msg>
  <msg level="info">	-Execution time: 12922</msg>
  <msg level="info">Executing save 'test3' on 07/12/2020 03:45:01 with parameters :</msg>
  <msg level="info">	-From: D:\Test</msg>
  <msg level="info">	-To: D:\TestCopy</msg>
  <msg level="info">	-Type: DIFFERENTIAL_SAVE</msg>
</log>